  strstr.c
e:\program_code\lab3\strstr\strstr\strstr.c(64): warning C4013: “split”未定义；假设外部返回 int
e:\program_code\lab3\strstr\strstr\strstr.c(73): warning C4996: 'strcpy': This function or variable may be unsafe. Consider using strcpy_s instead. To disable deprecation, use _CRT_SECURE_NO_WARNINGS. See online help for details.
  c:\program files (x86)\windows kits\10\include\10.0.10240.0\ucrt\string.h(119): note: 参见“strcpy”的声明
e:\program_code\lab3\strstr\strstr\strstr.c(80): warning C4996: 'strcpy': This function or variable may be unsafe. Consider using strcpy_s instead. To disable deprecation, use _CRT_SECURE_NO_WARNINGS. See online help for details.
  c:\program files (x86)\windows kits\10\include\10.0.10240.0\ucrt\string.h(119): note: 参见“strcpy”的声明
e:\program_code\lab3\strstr\strstr\strstr.c(87): warning C4996: 'strcpy': This function or variable may be unsafe. Consider using strcpy_s instead. To disable deprecation, use _CRT_SECURE_NO_WARNINGS. See online help for details.
  c:\program files (x86)\windows kits\10\include\10.0.10240.0\ucrt\string.h(119): note: 参见“strcpy”的声明
e:\program_code\lab3\strstr\strstr\strstr.c(91): warning C4996: 'strcpy': This function or variable may be unsafe. Consider using strcpy_s instead. To disable deprecation, use _CRT_SECURE_NO_WARNINGS. See online help for details.
  c:\program files (x86)\windows kits\10\include\10.0.10240.0\ucrt\string.h(119): note: 参见“strcpy”的声明
e:\program_code\lab3\strstr\strstr\strstr.c(105): warning C4244: “函数”: 从“__int64”转换到“std::size_t”，可能丢失数据
e:\program_code\lab3\strstr\strstr\strstr.c(107): warning C4244: “函数”: 从“__int64”转换到“std::size_t”，可能丢失数据
e:\program_code\lab3\strstr\strstr\strstr.c(114): warning C4244: “=”: 从“double”转换到“__int64”，可能丢失数据
e:\program_code\lab3\strstr\strstr\strstr.c(101): warning C4996: 'fopen': This function or variable may be unsafe. Consider using fopen_s instead. To disable deprecation, use _CRT_SECURE_NO_WARNINGS. See online help for details.
  c:\program files (x86)\windows kits\10\include\10.0.10240.0\ucrt\stdio.h(205): note: 参见“fopen”的声明
e:\program_code\lab3\strstr\strstr\strstr.c(112): warning C4996: 'fopen': This function or variable may be unsafe. Consider using fopen_s instead. To disable deprecation, use _CRT_SECURE_NO_WARNINGS. See online help for details.
  c:\program files (x86)\windows kits\10\include\10.0.10240.0\ucrt\stdio.h(205): note: 参见“fopen”的声明
e:\program_code\lab3\strstr\strstr\strstr.c(113): warning C4996: 'fopen': This function or variable may be unsafe. Consider using fopen_s instead. To disable deprecation, use _CRT_SECURE_NO_WARNINGS. See online help for details.
  c:\program files (x86)\windows kits\10\include\10.0.10240.0\ucrt\stdio.h(205): note: 参见“fopen”的声明
e:\program_code\lab3\strstr\strstr\strstr.c(133): warning C4996: 'fopen': This function or variable may be unsafe. Consider using fopen_s instead. To disable deprecation, use _CRT_SECURE_NO_WARNINGS. See online help for details.
  c:\program files (x86)\windows kits\10\include\10.0.10240.0\ucrt\stdio.h(205): note: 参见“fopen”的声明
e:\program_code\lab3\strstr\strstr\strstr.c(139): warning C4996: 'fscanf': This function or variable may be unsafe. Consider using fscanf_s instead. To disable deprecation, use _CRT_SECURE_NO_WARNINGS. See online help for details.
  c:\program files (x86)\windows kits\10\include\10.0.10240.0\ucrt\stdio.h(1193): note: 参见“fscanf”的声明
e:\program_code\lab3\strstr\strstr\strstr.c(140): warning C4996: 'strcpy': This function or variable may be unsafe. Consider using strcpy_s instead. To disable deprecation, use _CRT_SECURE_NO_WARNINGS. See online help for details.
  c:\program files (x86)\windows kits\10\include\10.0.10240.0\ucrt\string.h(119): note: 参见“strcpy”的声明
  strstr.vcxproj -> E:\program_code\lab3\strstr\Debug\strstr.exe
  strstr.vcxproj -> E:\program_code\lab3\strstr\Debug\strstr.pdb (Full PDB)
